every hour task start!
2021-11-19 00-00-17-every hour task finished!
everyday 12:00pm task - start!
everyday 12:00pm task - start!
every hour task start!
2021-11-19 00-30-21-every hour task finished!
every hour task start!
2021-11-19 01-00-14-every hour task finished!
everyday 12:00pm task - start!
everyday 12:00pm task - start!
every hour task start!
2021-11-19 01-30-17-every hour task finished!
every hour task start!
2021-11-19 02-00-16-every hour task finished!
everyday 12:00pm task - start!
everyday 12:00pm task - start!
every hour task start!
2021-11-19 02-30-16-every hour task finished!
every hour task start!
2021-11-19 03-00-17-every hour task finished!
history_data_start_to_update!
history_data_update_completed!
everyday 12:00pm task - start!
